<?xml version="1.0" encoding="UTF-8"?>
<!-- Generated by org.testng.reporters.JUnitXMLReporter -->
<testsuite ignored="0" hostname="DESKTOP-37N23S7" failures="0" tests="3" name="Default test" time="16.92" errors="0" timestamp="2023-10-24T12:54:53 EET">
  <testcase classname="swage_lab3.My_Test" name="LoginWithPreformanceUser" time="8.356"/>
  <testcase classname="swage_lab3.My_Test" name="LoginWithProblemUser" time="3.259"/>
  <testcase classname="swage_lab3.My_Test" name="LoginWithStanderdUser" time="3.237"/>
</testsuite> <!-- Default test -->
