<?xml version="1.0" encoding="UTF-8"?>
<testng-results ignored="0" total="3" passed="3" failed="0" skipped="0">
  <reporter-output>
  </reporter-output>
  <suite started-at="2023-10-24T12:54:36 EET" name="Default suite" finished-at="2023-10-24T12:54:53 EET" duration-ms="16920">
    <groups>
    </groups>
    <test started-at="2023-10-24T12:54:36 EET" name="Default test" finished-at="2023-10-24T12:54:53 EET" duration-ms="16920">
      <class name="swage_lab3.My_Test">
        <test-method is-config="true" signature="mySetup()[pri:0, instance:swage_lab3.My_Test@4bff1903]" started-at="2023-10-24T12:54:36 EET" name="mySetup" finished-at="2023-10-24T12:54:38 EET" duration-ms="1870" status="PASS">
          <reporter-output>
          </reporter-output>
        </test-method> <!-- mySetup -->
        <test-method signature="LoginWithPreformanceUser()[pri:0, instance:swage_lab3.My_Test@4bff1903]" started-at="2023-10-24T12:54:38 EET" name="LoginWithPreformanceUser" finished-at="2023-10-24T12:54:46 EET" duration-ms="8356" status="PASS">
          <reporter-output>
          </reporter-output>
        </test-method> <!-- LoginWithPreformanceUser -->
        <test-method is-config="true" signature="myPostTesting()[pri:0, instance:swage_lab3.My_Test@4bff1903]" started-at="2023-10-24T12:54:46 EET" name="myPostTesting" finished-at="2023-10-24T12:54:46 EET" duration-ms="0" status="PASS">
          <reporter-output>
          </reporter-output>
        </test-method> <!-- myPostTesting -->
        <test-method is-config="true" signature="mySetup()[pri:0, instance:swage_lab3.My_Test@4bff1903]" started-at="2023-10-24T12:54:46 EET" name="mySetup" finished-at="2023-10-24T12:54:46 EET" duration-ms="101" status="PASS">
          <reporter-output>
          </reporter-output>
        </test-method> <!-- mySetup -->
        <test-method signature="LoginWithProblemUser()[pri:0, instance:swage_lab3.My_Test@4bff1903]" started-at="2023-10-24T12:54:46 EET" name="LoginWithProblemUser" finished-at="2023-10-24T12:54:49 EET" duration-ms="3259" status="PASS">
          <reporter-output>
          </reporter-output>
        </test-method> <!-- LoginWithProblemUser -->
        <test-method is-config="true" signature="mySetup()[pri:0, instance:swage_lab3.My_Test@4bff1903]" started-at="2023-10-24T12:54:49 EET" name="mySetup" finished-at="2023-10-24T12:54:49 EET" duration-ms="53" status="PASS">
          <reporter-output>
          </reporter-output>
        </test-method> <!-- mySetup -->
        <test-method is-config="true" signature="myPostTesting()[pri:0, instance:swage_lab3.My_Test@4bff1903]" started-at="2023-10-24T12:54:49 EET" name="myPostTesting" finished-at="2023-10-24T12:54:49 EET" duration-ms="0" status="PASS">
          <reporter-output>
          </reporter-output>
        </test-method> <!-- myPostTesting -->
        <test-method signature="LoginWithStanderdUser()[pri:0, instance:swage_lab3.My_Test@4bff1903]" started-at="2023-10-24T12:54:49 EET" name="LoginWithStanderdUser" finished-at="2023-10-24T12:54:53 EET" duration-ms="3237" status="PASS">
          <reporter-output>
          </reporter-output>
        </test-method> <!-- LoginWithStanderdUser -->
        <test-method is-config="true" signature="myPostTesting()[pri:0, instance:swage_lab3.My_Test@4bff1903]" started-at="2023-10-24T12:54:53 EET" name="myPostTesting" finished-at="2023-10-24T12:54:53 EET" duration-ms="1" status="PASS">
          <reporter-output>
          </reporter-output>
        </test-method> <!-- myPostTesting -->
      </class> <!-- swage_lab3.My_Test -->
    </test> <!-- Default test -->
  </suite> <!-- Default suite -->
</testng-results>
